[14:50:26] [main/INFO] (FabricLoader/GameProvider) Loading Minecraft 1.21.7 with Fabric Loader 0.16.14
[14:50:27] [main/INFO] (FabricLoader) Loading 49 mods:
	- difficult-xp-level 0.1-1.21.7
	- fabric-api 0.128.2+1.21.7
	- fabric-api-base 0.4.64+9ec45cd86c
	- fabric-api-lookup-api-v1 1.6.100+946bf4c36c
	- fabric-biome-api-v1 16.0.11+946bf4c36c
	- fabric-block-api-v1 1.1.3+946bf4c36c
	- fabric-block-view-api-v2 1.0.31+946bf4c36c
	- fabric-client-gametest-api-v1 4.2.5+8a98c3fc6c
	- fabric-command-api-v2 2.2.53+946bf4c36c
	- fabric-content-registries-v0 10.0.18+946bf4c36c
	- fabric-convention-tags-v1 2.1.39+7f945d5b6c
	- fabric-convention-tags-v2 2.15.4+311075966c
	- fabric-crash-report-info-v1 0.3.15+946bf4c36c
	- fabric-data-attachment-api-v1 1.8.10+946bf4c36c
	- fabric-data-generation-api-v1 23.2.3+55e55d296c
	- fabric-dimensions-v1 4.0.19+946bf4c36c
	- fabric-entity-events-v1 2.1.1+c9e472736c
	- fabric-events-interaction-v0 4.0.23+946bf4c36c
	- fabric-game-rule-api-v1 1.0.73+c64c9c5b6c
	- fabric-gametest-api-v1 3.1.9+39ce47f56c
	- fabric-item-api-v1 11.4.3+946bf4c36c
	- fabric-item-group-api-v1 4.2.13+946bf4c36c
	- fabric-key-binding-api-v1 1.0.65+946bf4c36c
	- fabric-lifecycle-events-v1 2.6.3+db4dfd856c
	- fabric-loot-api-v2 3.0.55+3f89f5a56c
	- fabric-loot-api-v3 2.0.2+946bf4c36c
	- fabric-message-api-v1 6.1.1+946bf4c36c
	- fabric-model-loading-api-v1 5.2.5+946bf4c36c
	- fabric-networking-api-v1 5.0.1+946bf4c36c
	- fabric-object-builder-api-v1 21.1.7+946bf4c36c
	- fabric-particles-v1 4.1.7+946bf4c36c
	- fabric-recipe-api-v1 8.1.14+946bf4c36c
	- fabric-registry-sync-v0 6.1.27+946bf4c36c
	- fabric-renderer-api-v1 7.0.2+946bf4c36c
	- fabric-renderer-indigo 4.0.2+946bf4c36c
	- fabric-rendering-fluids-v1 3.1.30+fa6cb72b6c
	- fabric-rendering-v1 12.4.0+e8d43c766c
	- fabric-resource-conditions-api-v1 5.0.24+946bf4c36c
	- fabric-resource-loader-v0 3.1.11+946bf4c36c
	- fabric-screen-api-v1 2.0.51+946bf4c36c
	- fabric-screen-handler-api-v1 1.3.136+946bf4c36c
	- fabric-sound-api-v1 1.0.42+946bf4c36c
	- fabric-tag-api-v1 1.2.1+946bf4c36c
	- fabric-transfer-api-v1 6.0.5+946bf4c36c
	- fabric-transitive-access-wideners-v1 6.4.1+ac3e15d16c
	- fabricloader 0.16.14
	- java 21
	- minecraft 1.21.7
	- mixinextras 0.4.1
[14:50:27] [main/INFO] (FabricLoader/Mixin) SpongePowered MIXIN Subsystem Version=0.8.7 Source=file:/C:/Users/Ricke/.gradle/caches/modules-2/files-2.1/net.fabricmc/sponge-mixin/0.15.5+mixin.0.8.7/22f9eb729e216a091673a574a5906dc1b9027fb3/sponge-mixin-0.15.5+mixin.0.8.7.jar Service=Knot/Fabric Env=CLIENT
[14:50:27] [main/INFO] (FabricLoader/Mixin) Loaded Fabric development mappings for mixin remapper!
[14:50:27] [main/INFO] (FabricLoader/Mixin) Compatibility level set to JAVA_21
[14:50:28] [main/INFO] (FabricLoader/MixinExtras|Service) Initializing MixinExtras via com.llamalad7.mixinextras.service.MixinExtrasServiceImpl(version=0.4.1).
[14:50:29] [Datafixer Bootstrap/INFO] (Minecraft) 269 Datafixer optimizations took 469 milliseconds
[14:50:29] [main/WARN] (PerfmonDisabled) Invalid registry value type detected for PerfOS counters. Should be REG_DWORD. Ignoring: HKEY_LOCAL_MACHINE\SYSTEM\CurrentControlSet\Services\PerfOS\Performance\Disable Performance Counters.
[14:50:34] [Render thread/INFO] (Minecraft) Environment: Environment[sessionHost=https://sessionserver.mojang.com, servicesHost=https://api.minecraftservices.com, name=PROD]
[14:50:34] [Render thread/INFO] (Minecraft) Setting user: Player155
[14:50:34] [Render thread/INFO] (Indigo) [Indigo] Registering Indigo renderer!
[14:50:34] [Render thread/INFO] (Minecraft) Backend library: LWJGL version 3.3.3-snapshot
[14:50:35] [Render thread/INFO] (Minecraft) Using optional rendering extensions: GL_ARB_buffer_storage, GL_KHR_debug, GL_ARB_vertex_attrib_binding, GL_ARB_direct_state_access
[14:50:35] [Render thread/INFO] (Minecraft) Reloading ResourceManager: vanilla, fabric, difficult-xp-level, fabric-api, fabric-api-base, fabric-api-lookup-api-v1, fabric-biome-api-v1, fabric-block-api-v1, fabric-block-view-api-v2, fabric-client-gametest-api-v1, fabric-command-api-v2, fabric-content-registries-v0, fabric-convention-tags-v1, fabric-convention-tags-v2, fabric-crash-report-info-v1, fabric-data-attachment-api-v1, fabric-data-generation-api-v1, fabric-dimensions-v1, fabric-entity-events-v1, fabric-events-interaction-v0, fabric-game-rule-api-v1, fabric-gametest-api-v1, fabric-item-api-v1, fabric-item-group-api-v1, fabric-key-binding-api-v1, fabric-lifecycle-events-v1, fabric-loot-api-v2, fabric-loot-api-v3, fabric-message-api-v1, fabric-model-loading-api-v1, fabric-networking-api-v1, fabric-object-builder-api-v1, fabric-particles-v1, fabric-recipe-api-v1, fabric-registry-sync-v0, fabric-renderer-api-v1, fabric-renderer-indigo, fabric-rendering-fluids-v1, fabric-rendering-v1, fabric-resource-conditions-api-v1, fabric-resource-loader-v0, fabric-screen-api-v1, fabric-screen-handler-api-v1, fabric-sound-api-v1, fabric-tag-api-v1, fabric-transfer-api-v1, fabric-transitive-access-wideners-v1, fabricloader
[14:50:36] [Worker-Main-6/INFO] (Minecraft) Found unifont_pua-16.0.03.hex, loading
[14:50:36] [Worker-Main-5/INFO] (Minecraft) Found unifont_all_no_pua-16.0.03.hex, loading
[14:50:36] [Worker-Main-5/INFO] (Minecraft) Found unifont_jp_patch-16.0.03.hex, loading
[14:50:37] [Render thread/INFO] (Minecraft) OpenAL initialized on device OpenAL Soft on Alto-falantes (Realtek(R) Audio)
[14:50:37] [Render thread/INFO] (Minecraft) Sound engine started
[14:50:37] [Render thread/INFO] (Minecraft) Created: 1024x512x4 minecraft:textures/atlas/blocks.png-atlas
[14:50:37] [Render thread/INFO] (Minecraft) Created: 256x256x4 minecraft:textures/atlas/signs.png-atlas
[14:50:37] [Render thread/INFO] (Minecraft) Created: 512x512x4 minecraft:textures/atlas/banner_patterns.png-atlas
[14:50:37] [Render thread/INFO] (Minecraft) Created: 512x512x4 minecraft:textures/atlas/shield_patterns.png-atlas
[14:50:37] [Render thread/INFO] (Minecraft) Created: 2048x1024x4 minecraft:textures/atlas/armor_trims.png-atlas
[14:50:37] [Render thread/INFO] (Minecraft) Created: 256x256x4 minecraft:textures/atlas/chest.png-atlas
[14:50:37] [Render thread/INFO] (Minecraft) Created: 128x64x4 minecraft:textures/atlas/decorated_pot.png-atlas
[14:50:37] [Render thread/INFO] (Minecraft) Created: 512x256x4 minecraft:textures/atlas/beds.png-atlas
[14:50:37] [Render thread/INFO] (Minecraft) Created: 512x256x4 minecraft:textures/atlas/shulker_boxes.png-atlas
[14:50:37] [Render thread/INFO] (Minecraft) Created: 64x64x0 minecraft:textures/atlas/map_decorations.png-atlas
[14:50:37] [Render thread/INFO] (Minecraft) Created: 512x256x0 minecraft:textures/atlas/particles.png-atlas
[14:50:37] [Render thread/INFO] (Minecraft) Created: 512x256x0 minecraft:textures/atlas/paintings.png-atlas
[14:50:37] [Render thread/INFO] (Minecraft) Created: 1024x512x0 minecraft:textures/atlas/gui.png-atlas
[14:50:42] [Render thread/INFO] (Minecraft) Loaded 1407 recipes
[14:50:42] [Render thread/INFO] (Minecraft) Loaded 1520 advancements
[14:50:42] [Render thread/INFO] (BiomeModificationImpl) Applied 0 biome modifications to 0 of 65 new biomes in 1.035 ms
[14:50:42] [Server thread/INFO] (Minecraft) Starting integrated minecraft server version 1.21.7
[14:50:42] [Server thread/INFO] (Minecraft) Generating keypair
[14:50:42] [Server thread/INFO] (Minecraft) Preparing start region for dimension minecraft:overworld
[14:50:42] [Render thread/INFO] (Minecraft) Preparing spawn area: 0%
[14:50:42] [Render thread/INFO] (Minecraft) Time elapsed: 178 ms
[14:50:42] [Server thread/INFO] (Minecraft) Changing view distance to 12, from 10
[14:50:42] [Server thread/INFO] (Minecraft) Changing simulation distance to 12, from 0
[14:50:43] [Server thread/INFO] (Minecraft) Player155[local:E:8922aa7f] logged in with entity id 9 at (457.75532771635227, -59.76502106893653, -401.71825281319735)
[14:50:43] [Server thread/INFO] (Minecraft) Player155 joined the game
[14:50:43] [Render thread/INFO] (Minecraft) Loaded 4 advancements
[14:50:43] [Render thread/INFO] (Minecraft) Resizing Dynamic Transforms UBO, capacity limit of 2 reached during a single frame. New capacity will be 4.
[14:50:43] [Render thread/INFO] (Minecraft) Resizing Dynamic Transforms UBO, capacity limit of 4 reached during a single frame. New capacity will be 8.
[14:50:43] [Render thread/INFO] (Minecraft) Resizing Dynamic Transforms UBO, capacity limit of 8 reached during a single frame. New capacity will be 16.
[14:50:43] [Render thread/INFO] (Minecraft) Resizing Dynamic Transforms UBO, capacity limit of 16 reached during a single frame. New capacity will be 32.
[14:50:44] [Render thread/INFO] (Minecraft) Resizing Dynamic Transforms UBO, capacity limit of 32 reached during a single frame. New capacity will be 64.
[14:50:44] [Render thread/INFO] (Minecraft) Resizing Dynamic Transforms UBO, capacity limit of 64 reached during a single frame. New capacity will be 128.
[14:50:44] [Render thread/INFO] (Minecraft) Resizing Dynamic Transforms UBO, capacity limit of 128 reached during a single frame. New capacity will be 256.
[14:50:45] [Render thread/INFO] (Minecraft) Resizing Dynamic Transforms UBO, capacity limit of 256 reached during a single frame. New capacity will be 512.
[14:50:52] [Server thread/INFO] (Minecraft) Player155 has made the advancement [Monster Hunter]
[14:50:52] [Render thread/INFO] (Minecraft) [System] [CHAT] Player155 has made the advancement [Monster Hunter]
[14:50:52] [Render thread/INFO] (Minecraft) Loaded 45 advancements
[14:50:53] [Render thread/INFO] (Minecraft) Loaded 47 advancements
[14:51:02] [Server thread/INFO] (Minecraft) Player155 has completed the challenge [Cover Me in Debris]
[14:51:02] [Render thread/INFO] (Minecraft) [System] [CHAT] Player155 has completed the challenge [Cover Me in Debris]
[14:51:03] [Render thread/INFO] (Minecraft) Loaded 50 advancements
[14:51:03] [Render thread/INFO] (Minecraft) Loaded 51 advancements
[14:51:05] [Server thread/INFO] (Minecraft) [Player155: Set own game mode to Survival Mode]
[14:51:05] [Render thread/INFO] (Minecraft) [System] [CHAT] Set own game mode to Survival Mode
[14:51:17] [Server thread/INFO] (Minecraft) [Player155: Set own game mode to Adventure Mode]
[14:51:17] [Render thread/INFO] (Minecraft) [System] [CHAT] Set own game mode to Adventure Mode
[14:51:18] [Server thread/INFO] (Minecraft) [Player155: Set own game mode to Survival Mode]
[14:51:18] [Render thread/INFO] (Minecraft) [System] [CHAT] Set own game mode to Survival Mode
[14:51:31] [Server thread/INFO] (Minecraft) [Player155: Set own game mode to Adventure Mode]
[14:51:31] [Render thread/INFO] (Minecraft) [System] [CHAT] Set own game mode to Adventure Mode
[14:51:32] [Server thread/INFO] (Minecraft) [Player155: Set own game mode to Creative Mode]
[14:51:32] [Render thread/INFO] (Minecraft) [System] [CHAT] Set own game mode to Creative Mode
[14:51:40] [Render thread/INFO] (Minecraft) [System] [CHAT] Unknown or incomplete command, see below for error
[14:51:40] [Render thread/INFO] (Minecraft) [System] [CHAT] re<--[HERE]
[14:51:51] [Server thread/INFO] (Minecraft) [Player155: Set own game mode to Survival Mode]
[14:51:51] [Render thread/INFO] (Minecraft) [System] [CHAT] Set own game mode to Survival Mode
[14:51:52] [Server thread/INFO] (Minecraft) Player155 was slain by Zombie
[14:51:52] [Render thread/INFO] (Minecraft) [System] [CHAT] Player155 was slain by Zombie
[14:52:00] [Server thread/INFO] (Minecraft) [Player155: Gave 11 experience levels to Player155]
[14:52:00] [Render thread/INFO] (Minecraft) [System] [CHAT] Gave 11 experience levels to Player155
[14:52:02] [Server thread/INFO] (Minecraft) [Player155: Set own game mode to Creative Mode]
[14:52:02] [Render thread/INFO] (Minecraft) [System] [CHAT] Set own game mode to Creative Mode
[14:52:06] [Server thread/INFO] (Minecraft) [Player155: Set the time to 18000]
[14:52:06] [Render thread/INFO] (Minecraft) [System] [CHAT] Set the time to 18000
[14:52:17] [Render thread/INFO] (Minecraft) Loaded 51 advancements
[14:52:28] [Server thread/INFO] (Minecraft) [Player155: Set own game mode to Survival Mode]
[14:52:28] [Render thread/INFO] (Minecraft) [System] [CHAT] Set own game mode to Survival Mode
[14:52:34] [Server thread/INFO] (Minecraft) Player155 was slain by Zombie
[14:52:34] [Render thread/INFO] (Minecraft) [System] [CHAT] Player155 was slain by Zombie
[14:52:36] [Render thread/WARN] (Minecraft) Received passengers for unknown entity
[14:52:38] [Server thread/INFO] (Minecraft) Saving and pausing game...
[14:52:38] [Server thread/INFO] (Minecraft) Saving chunks for level 'ServerLevel[New World]'/minecraft:overworld
[14:52:38] [Server thread/INFO] (Minecraft) Saving chunks for level 'ServerLevel[New World]'/minecraft:the_end
[14:52:38] [Server thread/INFO] (Minecraft) Saving chunks for level 'ServerLevel[New World]'/minecraft:the_nether
[14:52:38] [Server thread/INFO] (Minecraft) Player155 lost connection: Disconnected
[14:52:38] [Server thread/INFO] (Minecraft) Player155 left the game
[14:52:38] [Server thread/INFO] (Minecraft) Stopping singleplayer server as player logged out
[14:52:38] [Server thread/INFO] (Minecraft) Stopping server
[14:52:38] [Server thread/INFO] (Minecraft) Saving players
[14:52:38] [Server thread/INFO] (Minecraft) Saving worlds
[14:52:38] [Server thread/INFO] (Minecraft) Saving chunks for level 'ServerLevel[New World]'/minecraft:overworld
[14:52:38] [Server thread/INFO] (Minecraft) Saving chunks for level 'ServerLevel[New World]'/minecraft:the_end
[14:52:38] [Server thread/INFO] (Minecraft) Saving chunks for level 'ServerLevel[New World]'/minecraft:the_nether
[14:52:38] [Server thread/INFO] (Minecraft) ThreadedAnvilChunkStorage (New World): All chunks are saved
[14:52:38] [Server thread/INFO] (Minecraft) ThreadedAnvilChunkStorage (DIM1): All chunks are saved
[14:52:38] [Server thread/INFO] (Minecraft) ThreadedAnvilChunkStorage (DIM-1): All chunks are saved
[14:52:38] [Server thread/INFO] (Minecraft) ThreadedAnvilChunkStorage: All dimensions are saved
[14:52:38] [Render thread/INFO] (Minecraft) Stopping!
